{"C:\\Users\\user\\Desktop\\MongoDB Assignments\\mern-bug-tracker\\server\\src\\app.js": {"path":"C:\\Users\\user\\Desktop\\MongoDB Assignments\\mern-bug-tracker\\server\\src\\app.js","statementMap":{"0":{"start":{"line":1,"column":16},"end":{"line":1,"column":34}},"1":{"start":{"line":2,"column":13},"end":{"line":2,"column":28}},"2":{"start":{"line":3,"column":17},"end":{"line":3,"column":36}},"3":{"start":{"line":4,"column":0},"end":{"line":4,"column":27}},"4":{"start":{"line":6,"column":18},"end":{"line":6,"column":47}},"5":{"start":{"line":7,"column":21},"end":{"line":7,"column":57}},"6":{"start":{"line":8,"column":15},"end":{"line":8,"column":45}},"7":{"start":{"line":10,"column":12},"end":{"line":10,"column":21}},"8":{"start":{"line":12,"column":0},"end":{"line":15,"column":4}},"9":{"start":{"line":17,"column":0},"end":{"line":17,"column":24}},"10":{"start":{"line":18,"column":0},"end":{"line":18,"column":16}},"11":{"start":{"line":20,"column":18},"end":{"line":20,"column":82}},"12":{"start":{"line":22,"column":0},"end":{"line":24,"column":65}},"13":{"start":{"line":23,"column":14},"end":{"line":23,"column":46}},"14":{"start":{"line":24,"column":16},"end":{"line":24,"column":63}},"15":{"start":{"line":26,"column":0},"end":{"line":28,"column":3}},"16":{"start":{"line":27,"column":2},"end":{"line":27,"column":66}},"17":{"start":{"line":30,"column":0},"end":{"line":30,"column":32}},"18":{"start":{"line":32,"column":0},"end":{"line":32,"column":22}},"19":{"start":{"line":34,"column":0},"end":{"line":34,"column":21}}},"fnMap":{"0":{"name":"(anonymous_0)","decl":{"start":{"line":23,"column":8},"end":{"line":23,"column":9}},"loc":{"start":{"line":23,"column":14},"end":{"line":23,"column":46}},"line":23},"1":{"name":"(anonymous_1)","decl":{"start":{"line":24,"column":9},"end":{"line":24,"column":10}},"loc":{"start":{"line":24,"column":16},"end":{"line":24,"column":63}},"line":24},"2":{"name":"(anonymous_2)","decl":{"start":{"line":26,"column":23},"end":{"line":26,"column":24}},"loc":{"start":{"line":26,"column":37},"end":{"line":28,"column":1}},"line":26}},"branchMap":{"0":{"loc":{"start":{"line":20,"column":18},"end":{"line":20,"column":82}},"type":"binary-expr","locations":[{"start":{"line":20,"column":18},"end":{"line":20,"column":39}},{"start":{"line":20,"column":43},"end":{"line":20,"column":82}}],"line":20}},"s":{"0":1,"1":1,"2":1,"3":1,"4":1,"5":1,"6":1,"7":1,"8":1,"9":1,"10":1,"11":1,"12":1,"13":1,"14":0,"15":1,"16":0,"17":1,"18":1,"19":1},"f":{"0":1,"1":0,"2":0},"b":{"0":[1,0]},"_coverageSchema":"1a1c01bbd47fc00a2c39e90264f33305004495a9","hash":"67768639daf80967c395ba3a1fdca44f1a290b97"}
,"C:\\Users\\user\\Desktop\\MongoDB Assignments\\mern-bug-tracker\\server\\src\\server.js": {"path":"C:\\Users\\user\\Desktop\\MongoDB Assignments\\mern-bug-tracker\\server\\src\\server.js","statementMap":{"0":{"start":{"line":1,"column":12},"end":{"line":1,"column":28}},"1":{"start":{"line":2,"column":0},"end":{"line":2,"column":27}},"2":{"start":{"line":4,"column":13},"end":{"line":4,"column":37}},"3":{"start":{"line":6,"column":15},"end":{"line":8,"column":2}},"4":{"start":{"line":7,"column":2},"end":{"line":7,"column":48}},"5":{"start":{"line":10,"column":0},"end":{"line":10,"column":24}}},"fnMap":{"0":{"name":"(anonymous_0)","decl":{"start":{"line":6,"column":32},"end":{"line":6,"column":33}},"loc":{"start":{"line":6,"column":38},"end":{"line":8,"column":1}},"line":6}},"branchMap":{"0":{"loc":{"start":{"line":4,"column":13},"end":{"line":4,"column":37}},"type":"binary-expr","locations":[{"start":{"line":4,"column":13},"end":{"line":4,"column":29}},{"start":{"line":4,"column":33},"end":{"line":4,"column":37}}],"line":4}},"s":{"0":0,"1":0,"2":0,"3":0,"4":0,"5":0},"f":{"0":0},"b":{"0":[0,0]}}
,"C:\\Users\\user\\Desktop\\MongoDB Assignments\\mern-bug-tracker\\server\\src\\controllers\\bugController.js": {"path":"C:\\Users\\user\\Desktop\\MongoDB Assignments\\mern-bug-tracker\\server\\src\\controllers\\bugController.js","statementMap":{"0":{"start":{"line":1,"column":12},"end":{"line":1,"column":36}},"1":{"start":{"line":3,"column":0},"end":{"line":24,"column":2}},"2":{"start":{"line":4,"column":2},"end":{"line":23,"column":3}},"3":{"start":{"line":5,"column":41},"end":{"line":5,"column":50}},"4":{"start":{"line":6,"column":16},"end":{"line":6,"column":18}},"5":{"start":{"line":8,"column":4},"end":{"line":8,"column":38}},"6":{"start":{"line":8,"column":16},"end":{"line":8,"column":38}},"7":{"start":{"line":9,"column":4},"end":{"line":9,"column":44}},"8":{"start":{"line":9,"column":18},"end":{"line":9,"column":44}},"9":{"start":{"line":11,"column":15},"end":{"line":11,"column":30}},"10":{"start":{"line":13,"column":4},"end":{"line":17,"column":5}},"11":{"start":{"line":14,"column":6},"end":{"line":14,"column":42}},"12":{"start":{"line":15,"column":11},"end":{"line":17,"column":5}},"13":{"start":{"line":16,"column":6},"end":{"line":16,"column":41}},"14":{"start":{"line":19,"column":19},"end":{"line":19,"column":29}},"15":{"start":{"line":20,"column":4},"end":{"line":20,"column":46}},"16":{"start":{"line":22,"column":4},"end":{"line":22,"column":14}},"17":{"start":{"line":26,"column":0},"end":{"line":50,"column":2}},"18":{"start":{"line":27,"column":2},"end":{"line":49,"column":3}},"19":{"start":{"line":28,"column":19},"end":{"line":28,"column":29}},"20":{"start":{"line":30,"column":4},"end":{"line":35,"column":5}},"21":{"start":{"line":31,"column":6},"end":{"line":34,"column":9}},"22":{"start":{"line":37,"column":16},"end":{"line":37,"column":38}},"23":{"start":{"line":39,"column":4},"end":{"line":44,"column":5}},"24":{"start":{"line":40,"column":6},"end":{"line":43,"column":9}},"25":{"start":{"line":46,"column":4},"end":{"line":46,"column":43}},"26":{"start":{"line":48,"column":4},"end":{"line":48,"column":14}},"27":{"start":{"line":52,"column":0},"end":{"line":76,"column":2}},"28":{"start":{"line":53,"column":2},"end":{"line":75,"column":3}},"29":{"start":{"line":54,"column":63},"end":{"line":54,"column":71}},"30":{"start":{"line":56,"column":4},"end":{"line":61,"column":5}},"31":{"start":{"line":57,"column":6},"end":{"line":60,"column":9}},"32":{"start":{"line":63,"column":16},"end":{"line":69,"column":6}},"33":{"start":{"line":71,"column":4},"end":{"line":71,"column":21}},"34":{"start":{"line":72,"column":4},"end":{"line":72,"column":55}},"35":{"start":{"line":74,"column":4},"end":{"line":74,"column":14}},"36":{"start":{"line":78,"column":0},"end":{"line":105,"column":2}},"37":{"start":{"line":79,"column":2},"end":{"line":104,"column":3}},"38":{"start":{"line":80,"column":19},"end":{"line":80,"column":29}},"39":{"start":{"line":82,"column":4},"end":{"line":87,"column":5}},"40":{"start":{"line":83,"column":6},"end":{"line":86,"column":9}},"41":{"start":{"line":89,"column":16},"end":{"line":92,"column":6}},"42":{"start":{"line":94,"column":4},"end":{"line":99,"column":5}},"43":{"start":{"line":95,"column":6},"end":{"line":98,"column":9}},"44":{"start":{"line":101,"column":4},"end":{"line":101,"column":43}},"45":{"start":{"line":103,"column":4},"end":{"line":103,"column":14}},"46":{"start":{"line":107,"column":0},"end":{"line":131,"column":2}},"47":{"start":{"line":108,"column":2},"end":{"line":130,"column":3}},"48":{"start":{"line":109,"column":19},"end":{"line":109,"column":29}},"49":{"start":{"line":111,"column":4},"end":{"line":116,"column":5}},"50":{"start":{"line":112,"column":6},"end":{"line":115,"column":9}},"51":{"start":{"line":118,"column":16},"end":{"line":118,"column":47}},"52":{"start":{"line":120,"column":4},"end":{"line":125,"column":5}},"53":{"start":{"line":121,"column":6},"end":{"line":124,"column":9}},"54":{"start":{"line":127,"column":4},"end":{"line":127,"column":67}},"55":{"start":{"line":129,"column":4},"end":{"line":129,"column":14}},"56":{"start":{"line":133,"column":0},"end":{"line":148,"column":2}},"57":{"start":{"line":134,"column":2},"end":{"line":147,"column":3}},"58":{"start":{"line":135,"column":18},"end":{"line":142,"column":6}},"59":{"start":{"line":144,"column":4},"end":{"line":144,"column":45}},"60":{"start":{"line":146,"column":4},"end":{"line":146,"column":14}}},"fnMap":{"0":{"name":"(anonymous_0)","decl":{"start":{"line":3,"column":21},"end":{"line":3,"column":22}},"loc":{"start":{"line":3,"column":47},"end":{"line":24,"column":1}},"line":3},"1":{"name":"(anonymous_1)","decl":{"start":{"line":26,"column":21},"end":{"line":26,"column":22}},"loc":{"start":{"line":26,"column":47},"end":{"line":50,"column":1}},"line":26},"2":{"name":"(anonymous_2)","decl":{"start":{"line":52,"column":20},"end":{"line":52,"column":21}},"loc":{"start":{"line":52,"column":46},"end":{"line":76,"column":1}},"line":52},"3":{"name":"(anonymous_3)","decl":{"start":{"line":78,"column":20},"end":{"line":78,"column":21}},"loc":{"start":{"line":78,"column":46},"end":{"line":105,"column":1}},"line":78},"4":{"name":"(anonymous_4)","decl":{"start":{"line":107,"column":20},"end":{"line":107,"column":21}},"loc":{"start":{"line":107,"column":46},"end":{"line":131,"column":1}},"line":107},"5":{"name":"(anonymous_5)","decl":{"start":{"line":133,"column":22},"end":{"line":133,"column":23}},"loc":{"start":{"line":133,"column":48},"end":{"line":148,"column":1}},"line":133}},"branchMap":{"0":{"loc":{"start":{"line":8,"column":4},"end":{"line":8,"column":38}},"type":"if","locations":[{"start":{"line":8,"column":4},"end":{"line":8,"column":38}},{"start":{},"end":{}}],"line":8},"1":{"loc":{"start":{"line":9,"column":4},"end":{"line":9,"column":44}},"type":"if","locations":[{"start":{"line":9,"column":4},"end":{"line":9,"column":44}},{"start":{},"end":{}}],"line":9},"2":{"loc":{"start":{"line":13,"column":4},"end":{"line":17,"column":5}},"type":"if","locations":[{"start":{"line":13,"column":4},"end":{"line":17,"column":5}},{"start":{"line":15,"column":11},"end":{"line":17,"column":5}}],"line":13},"3":{"loc":{"start":{"line":15,"column":11},"end":{"line":17,"column":5}},"type":"if","locations":[{"start":{"line":15,"column":11},"end":{"line":17,"column":5}},{"start":{},"end":{}}],"line":15},"4":{"loc":{"start":{"line":30,"column":4},"end":{"line":35,"column":5}},"type":"if","locations":[{"start":{"line":30,"column":4},"end":{"line":35,"column":5}},{"start":{},"end":{}}],"line":30},"5":{"loc":{"start":{"line":39,"column":4},"end":{"line":44,"column":5}},"type":"if","locations":[{"start":{"line":39,"column":4},"end":{"line":44,"column":5}},{"start":{},"end":{}}],"line":39},"6":{"loc":{"start":{"line":56,"column":4},"end":{"line":61,"column":5}},"type":"if","locations":[{"start":{"line":56,"column":4},"end":{"line":61,"column":5}},{"start":{},"end":{}}],"line":56},"7":{"loc":{"start":{"line":68,"column":14},"end":{"line":68,"column":30}},"type":"binary-expr","locations":[{"start":{"line":68,"column":14},"end":{"line":68,"column":20}},{"start":{"line":68,"column":24},"end":{"line":68,"column":30}}],"line":68},"8":{"loc":{"start":{"line":82,"column":4},"end":{"line":87,"column":5}},"type":"if","locations":[{"start":{"line":82,"column":4},"end":{"line":87,"column":5}},{"start":{},"end":{}}],"line":82},"9":{"loc":{"start":{"line":94,"column":4},"end":{"line":99,"column":5}},"type":"if","locations":[{"start":{"line":94,"column":4},"end":{"line":99,"column":5}},{"start":{},"end":{}}],"line":94},"10":{"loc":{"start":{"line":111,"column":4},"end":{"line":116,"column":5}},"type":"if","locations":[{"start":{"line":111,"column":4},"end":{"line":116,"column":5}},{"start":{},"end":{}}],"line":111},"11":{"loc":{"start":{"line":120,"column":4},"end":{"line":125,"column":5}},"type":"if","locations":[{"start":{"line":120,"column":4},"end":{"line":125,"column":5}},{"start":{},"end":{}}],"line":120}},"s":{"0":2,"1":2,"2":6,"3":6,"4":6,"5":6,"6":2,"7":6,"8":0,"9":6,"10":6,"11":1,"12":5,"13":0,"14":6,"15":6,"16":0,"17":2,"18":5,"19":5,"20":5,"21":3,"22":2,"23":2,"24":1,"25":1,"26":0,"27":2,"28":7,"29":7,"30":7,"31":1,"32":6,"33":6,"34":6,"35":0,"36":2,"37":4,"38":4,"39":4,"40":3,"41":1,"42":1,"43":0,"44":1,"45":0,"46":2,"47":4,"48":4,"49":4,"50":3,"51":1,"52":1,"53":0,"54":1,"55":0,"56":2,"57":0,"58":0,"59":0,"60":0},"f":{"0":6,"1":5,"2":7,"3":4,"4":4,"5":0},"b":{"0":[2,4],"1":[0,6],"2":[1,5],"3":[0,5],"4":[3,2],"5":[1,1],"6":[1,6],"7":[6,5],"8":[3,1],"9":[0,1],"10":[3,1],"11":[0,1]},"_coverageSchema":"1a1c01bbd47fc00a2c39e90264f33305004495a9","hash":"5ce7dabf9a3f37d17655801f95f2101afea74bc5"}
,"C:\\Users\\user\\Desktop\\MongoDB Assignments\\mern-bug-tracker\\server\\src\\middleware\\errorHandler.js": {"path":"C:\\Users\\user\\Desktop\\MongoDB Assignments\\mern-bug-tracker\\server\\src\\middleware\\errorHandler.js","statementMap":{"0":{"start":{"line":1,"column":21},"end":{"line":10,"column":1}},"1":{"start":{"line":2,"column":17},"end":{"line":2,"column":52}},"2":{"start":{"line":3,"column":18},"end":{"line":3,"column":56}},"3":{"start":{"line":5,"column":2},"end":{"line":9,"column":5}},"4":{"start":{"line":12,"column":0},"end":{"line":12,"column":30}}},"fnMap":{"0":{"name":"(anonymous_0)","decl":{"start":{"line":1,"column":21},"end":{"line":1,"column":22}},"loc":{"start":{"line":1,"column":46},"end":{"line":10,"column":1}},"line":1}},"branchMap":{"0":{"loc":{"start":{"line":2,"column":17},"end":{"line":2,"column":52}},"type":"binary-expr","locations":[{"start":{"line":2,"column":17},"end":{"line":2,"column":27}},{"start":{"line":2,"column":31},"end":{"line":2,"column":45}},{"start":{"line":2,"column":49},"end":{"line":2,"column":52}}],"line":2},"1":{"loc":{"start":{"line":3,"column":18},"end":{"line":3,"column":56}},"type":"binary-expr","locations":[{"start":{"line":3,"column":18},"end":{"line":3,"column":29}},{"start":{"line":3,"column":33},"end":{"line":3,"column":56}}],"line":3},"2":{"loc":{"start":{"line":8,"column":11},"end":{"line":8,"column":60}},"type":"cond-expr","locations":[{"start":{"line":8,"column":52},"end":{"line":8,"column":55}},{"start":{"line":8,"column":58},"end":{"line":8,"column":60}}],"line":8}},"s":{"0":1,"1":0,"2":0,"3":0,"4":1},"f":{"0":0},"b":{"0":[0,0,0],"1":[0,0],"2":[0,0]},"_coverageSchema":"1a1c01bbd47fc00a2c39e90264f33305004495a9","hash":"09ff1a679e08a50c0a12099e5c6ee2e86c8f8c9c"}
,"C:\\Users\\user\\Desktop\\MongoDB Assignments\\mern-bug-tracker\\server\\src\\middleware\\logger.js": {"path":"C:\\Users\\user\\Desktop\\MongoDB Assignments\\mern-bug-tracker\\server\\src\\middleware\\logger.js","statementMap":{"0":{"start":{"line":1,"column":15},"end":{"line":10,"column":1}},"1":{"start":{"line":2,"column":16},"end":{"line":2,"column":26}},"2":{"start":{"line":4,"column":2},"end":{"line":7,"column":5}},"3":{"start":{"line":5,"column":21},"end":{"line":5,"column":39}},"4":{"start":{"line":6,"column":4},"end":{"line":6,"column":83}},"5":{"start":{"line":9,"column":2},"end":{"line":9,"column":9}},"6":{"start":{"line":12,"column":0},"end":{"line":12,"column":24}}},"fnMap":{"0":{"name":"(anonymous_0)","decl":{"start":{"line":1,"column":15},"end":{"line":1,"column":16}},"loc":{"start":{"line":1,"column":35},"end":{"line":10,"column":1}},"line":1},"1":{"name":"(anonymous_1)","decl":{"start":{"line":4,"column":19},"end":{"line":4,"column":20}},"loc":{"start":{"line":4,"column":25},"end":{"line":7,"column":3}},"line":4}},"branchMap":{},"s":{"0":1,"1":13,"2":13,"3":13,"4":13,"5":13,"6":1},"f":{"0":13,"1":13},"b":{},"_coverageSchema":"1a1c01bbd47fc00a2c39e90264f33305004495a9","hash":"0b2b6542746ceb6d59748de03b673345231a7c88"}
,"C:\\Users\\user\\Desktop\\MongoDB Assignments\\mern-bug-tracker\\server\\src\\models\\Bug.js": {"path":"C:\\Users\\user\\Desktop\\MongoDB Assignments\\mern-bug-tracker\\server\\src\\models\\Bug.js","statementMap":{"0":{"start":{"line":1,"column":17},"end":{"line":1,"column":36}},"1":{"start":{"line":3,"column":18},"end":{"line":39,"column":2}},"2":{"start":{"line":41,"column":0},"end":{"line":44,"column":3}},"3":{"start":{"line":42,"column":2},"end":{"line":42,"column":30}},"4":{"start":{"line":43,"column":2},"end":{"line":43,"column":9}},"5":{"start":{"line":46,"column":0},"end":{"line":46,"column":50}}},"fnMap":{"0":{"name":"(anonymous_0)","decl":{"start":{"line":41,"column":22},"end":{"line":41,"column":23}},"loc":{"start":{"line":41,"column":37},"end":{"line":44,"column":1}},"line":41}},"branchMap":{},"s":{"0":2,"1":2,"2":2,"3":4,"4":4,"5":2},"f":{"0":4},"b":{},"_coverageSchema":"1a1c01bbd47fc00a2c39e90264f33305004495a9","hash":"6114c0478bfa3689f92b35ab8cd4fce258d70b92"}
,"C:\\Users\\user\\Desktop\\MongoDB Assignments\\mern-bug-tracker\\server\\src\\routes\\bugRoutes.js": {"path":"C:\\Users\\user\\Desktop\\MongoDB Assignments\\mern-bug-tracker\\server\\src\\routes\\bugRoutes.js","statementMap":{"0":{"start":{"line":1,"column":16},"end":{"line":1,"column":34}},"1":{"start":{"line":2,"column":15},"end":{"line":2,"column":31}},"2":{"start":{"line":3,"column":22},"end":{"line":3,"column":61}},"3":{"start":{"line":5,"column":0},"end":{"line":5,"column":42}},"4":{"start":{"line":6,"column":0},"end":{"line":6,"column":48}},"5":{"start":{"line":7,"column":0},"end":{"line":7,"column":42}},"6":{"start":{"line":8,"column":0},"end":{"line":8,"column":45}},"7":{"start":{"line":9,"column":0},"end":{"line":9,"column":44}},"8":{"start":{"line":10,"column":0},"end":{"line":10,"column":47}},"9":{"start":{"line":12,"column":0},"end":{"line":12,"column":24}}},"fnMap":{},"branchMap":{},"s":{"0":1,"1":1,"2":1,"3":1,"4":1,"5":1,"6":1,"7":1,"8":1,"9":1},"f":{},"b":{},"_coverageSchema":"1a1c01bbd47fc00a2c39e90264f33305004495a9","hash":"7973494ce4d54c6f1ccd4ecb0c964b63cb29b283"}
,"C:\\Users\\user\\Desktop\\MongoDB Assignments\\mern-bug-tracker\\server\\src\\utils\\validators.js": {"path":"C:\\Users\\user\\Desktop\\MongoDB Assignments\\mern-bug-tracker\\server\\src\\utils\\validators.js","statementMap":{"0":{"start":{"line":5,"column":25},"end":{"line":30,"column":1}},"1":{"start":{"line":6,"column":2},"end":{"line":11,"column":3}},"2":{"start":{"line":7,"column":4},"end":{"line":10,"column":6}},"3":{"start":{"line":13,"column":23},"end":{"line":13,"column":35}},"4":{"start":{"line":15,"column":2},"end":{"line":20,"column":3}},"5":{"start":{"line":16,"column":4},"end":{"line":19,"column":6}},"6":{"start":{"line":22,"column":2},"end":{"line":27,"column":3}},"7":{"start":{"line":23,"column":4},"end":{"line":26,"column":6}},"8":{"start":{"line":29,"column":2},"end":{"line":29,"column":27}},"9":{"start":{"line":32,"column":31},"end":{"line":48,"column":1}},"10":{"start":{"line":33,"column":2},"end":{"line":38,"column":3}},"11":{"start":{"line":34,"column":4},"end":{"line":37,"column":6}},"12":{"start":{"line":40,"column":2},"end":{"line":45,"column":3}},"13":{"start":{"line":41,"column":4},"end":{"line":44,"column":6}},"14":{"start":{"line":47,"column":2},"end":{"line":47,"column":27}},"15":{"start":{"line":50,"column":25},"end":{"line":61,"column":1}},"16":{"start":{"line":51,"column":22},"end":{"line":51,"column":40}},"17":{"start":{"line":53,"column":2},"end":{"line":58,"column":3}},"18":{"start":{"line":54,"column":4},"end":{"line":57,"column":6}},"19":{"start":{"line":60,"column":2},"end":{"line":60,"column":27}},"20":{"start":{"line":63,"column":25},"end":{"line":74,"column":1}},"21":{"start":{"line":64,"column":26},"end":{"line":64,"column":51}},"22":{"start":{"line":66,"column":2},"end":{"line":71,"column":3}},"23":{"start":{"line":67,"column":4},"end":{"line":70,"column":6}},"24":{"start":{"line":73,"column":2},"end":{"line":73,"column":27}},"25":{"start":{"line":76,"column":23},"end":{"line":87,"column":1}},"26":{"start":{"line":77,"column":24},"end":{"line":77,"column":57}},"27":{"start":{"line":79,"column":2},"end":{"line":84,"column":3}},"28":{"start":{"line":80,"column":4},"end":{"line":83,"column":6}},"29":{"start":{"line":86,"column":2},"end":{"line":86,"column":27}},"30":{"start":{"line":89,"column":24},"end":{"line":128,"column":1}},"31":{"start":{"line":90,"column":17},"end":{"line":90,"column":19}},"32":{"start":{"line":93,"column":26},"end":{"line":93,"column":54}},"33":{"start":{"line":94,"column":2},"end":{"line":94,"column":67}},"34":{"start":{"line":94,"column":32},"end":{"line":94,"column":67}},"35":{"start":{"line":97,"column":2},"end":{"line":100,"column":3}},"36":{"start":{"line":98,"column":27},"end":{"line":98,"column":67}},"37":{"start":{"line":99,"column":4},"end":{"line":99,"column":67}},"38":{"start":{"line":99,"column":33},"end":{"line":99,"column":67}},"39":{"start":{"line":103,"column":2},"end":{"line":106,"column":3}},"40":{"start":{"line":104,"column":31},"end":{"line":104,"column":62}},"41":{"start":{"line":105,"column":4},"end":{"line":105,"column":75}},"42":{"start":{"line":105,"column":37},"end":{"line":105,"column":75}},"43":{"start":{"line":109,"column":2},"end":{"line":112,"column":3}},"44":{"start":{"line":110,"column":31},"end":{"line":110,"column":62}},"45":{"start":{"line":111,"column":4},"end":{"line":111,"column":75}},"46":{"start":{"line":111,"column":37},"end":{"line":111,"column":75}},"47":{"start":{"line":115,"column":2},"end":{"line":118,"column":3}},"48":{"start":{"line":116,"column":29},"end":{"line":116,"column":56}},"49":{"start":{"line":117,"column":4},"end":{"line":117,"column":71}},"50":{"start":{"line":117,"column":35},"end":{"line":117,"column":71}},"51":{"start":{"line":120,"column":2},"end":{"line":125,"column":3}},"52":{"start":{"line":121,"column":4},"end":{"line":124,"column":6}},"53":{"start":{"line":127,"column":2},"end":{"line":127,"column":27}},"54":{"start":{"line":130,"column":0},"end":{"line":137,"column":2}}},"fnMap":{"0":{"name":"(anonymous_0)","decl":{"start":{"line":5,"column":25},"end":{"line":5,"column":26}},"loc":{"start":{"line":5,"column":36},"end":{"line":30,"column":1}},"line":5},"1":{"name":"(anonymous_1)","decl":{"start":{"line":32,"column":31},"end":{"line":32,"column":32}},"loc":{"start":{"line":32,"column":48},"end":{"line":48,"column":1}},"line":32},"2":{"name":"(anonymous_2)","decl":{"start":{"line":50,"column":25},"end":{"line":50,"column":26}},"loc":{"start":{"line":50,"column":39},"end":{"line":61,"column":1}},"line":50},"3":{"name":"(anonymous_3)","decl":{"start":{"line":63,"column":25},"end":{"line":63,"column":26}},"loc":{"start":{"line":63,"column":39},"end":{"line":74,"column":1}},"line":63},"4":{"name":"(anonymous_4)","decl":{"start":{"line":76,"column":23},"end":{"line":76,"column":24}},"loc":{"start":{"line":76,"column":35},"end":{"line":87,"column":1}},"line":76},"5":{"name":"(anonymous_5)","decl":{"start":{"line":89,"column":24},"end":{"line":89,"column":25}},"loc":{"start":{"line":89,"column":34},"end":{"line":128,"column":1}},"line":89}},"branchMap":{"0":{"loc":{"start":{"line":6,"column":2},"end":{"line":11,"column":3}},"type":"if","locations":[{"start":{"line":6,"column":2},"end":{"line":11,"column":3}},{"start":{},"end":{}}],"line":6},"1":{"loc":{"start":{"line":6,"column":6},"end":{"line":6,"column":41}},"type":"binary-expr","locations":[{"start":{"line":6,"column":6},"end":{"line":6,"column":12}},{"start":{"line":6,"column":16},"end":{"line":6,"column":41}}],"line":6},"2":{"loc":{"start":{"line":15,"column":2},"end":{"line":20,"column":3}},"type":"if","locations":[{"start":{"line":15,"column":2},"end":{"line":20,"column":3}},{"start":{},"end":{}}],"line":15},"3":{"loc":{"start":{"line":22,"column":2},"end":{"line":27,"column":3}},"type":"if","locations":[{"start":{"line":22,"column":2},"end":{"line":27,"column":3}},{"start":{},"end":{}}],"line":22},"4":{"loc":{"start":{"line":33,"column":2},"end":{"line":38,"column":3}},"type":"if","locations":[{"start":{"line":33,"column":2},"end":{"line":38,"column":3}},{"start":{},"end":{}}],"line":33},"5":{"loc":{"start":{"line":33,"column":6},"end":{"line":33,"column":53}},"type":"binary-expr","locations":[{"start":{"line":33,"column":6},"end":{"line":33,"column":18}},{"start":{"line":33,"column":22},"end":{"line":33,"column":53}}],"line":33},"6":{"loc":{"start":{"line":40,"column":2},"end":{"line":45,"column":3}},"type":"if","locations":[{"start":{"line":40,"column":2},"end":{"line":45,"column":3}},{"start":{},"end":{}}],"line":40},"7":{"loc":{"start":{"line":53,"column":2},"end":{"line":58,"column":3}},"type":"if","locations":[{"start":{"line":53,"column":2},"end":{"line":58,"column":3}},{"start":{},"end":{}}],"line":53},"8":{"loc":{"start":{"line":53,"column":6},"end":{"line":53,"column":62}},"type":"binary-expr","locations":[{"start":{"line":53,"column":6},"end":{"line":53,"column":24}},{"start":{"line":53,"column":28},"end":{"line":53,"column":43}},{"start":{"line":53,"column":47},"end":{"line":53,"column":62}}],"line":53},"9":{"loc":{"start":{"line":66,"column":2},"end":{"line":71,"column":3}},"type":"if","locations":[{"start":{"line":66,"column":2},"end":{"line":71,"column":3}},{"start":{},"end":{}}],"line":66},"10":{"loc":{"start":{"line":79,"column":2},"end":{"line":84,"column":3}},"type":"if","locations":[{"start":{"line":79,"column":2},"end":{"line":84,"column":3}},{"start":{},"end":{}}],"line":79},"11":{"loc":{"start":{"line":94,"column":2},"end":{"line":94,"column":67}},"type":"if","locations":[{"start":{"line":94,"column":2},"end":{"line":94,"column":67}},{"start":{},"end":{}}],"line":94},"12":{"loc":{"start":{"line":97,"column":2},"end":{"line":100,"column":3}},"type":"if","locations":[{"start":{"line":97,"column":2},"end":{"line":100,"column":3}},{"start":{},"end":{}}],"line":97},"13":{"loc":{"start":{"line":99,"column":4},"end":{"line":99,"column":67}},"type":"if","locations":[{"start":{"line":99,"column":4},"end":{"line":99,"column":67}},{"start":{},"end":{}}],"line":99},"14":{"loc":{"start":{"line":103,"column":2},"end":{"line":106,"column":3}},"type":"if","locations":[{"start":{"line":103,"column":2},"end":{"line":106,"column":3}},{"start":{},"end":{}}],"line":103},"15":{"loc":{"start":{"line":105,"column":4},"end":{"line":105,"column":75}},"type":"if","locations":[{"start":{"line":105,"column":4},"end":{"line":105,"column":75}},{"start":{},"end":{}}],"line":105},"16":{"loc":{"start":{"line":109,"column":2},"end":{"line":112,"column":3}},"type":"if","locations":[{"start":{"line":109,"column":2},"end":{"line":112,"column":3}},{"start":{},"end":{}}],"line":109},"17":{"loc":{"start":{"line":111,"column":4},"end":{"line":111,"column":75}},"type":"if","locations":[{"start":{"line":111,"column":4},"end":{"line":111,"column":75}},{"start":{},"end":{}}],"line":111},"18":{"loc":{"start":{"line":115,"column":2},"end":{"line":118,"column":3}},"type":"if","locations":[{"start":{"line":115,"column":2},"end":{"line":118,"column":3}},{"start":{},"end":{}}],"line":115},"19":{"loc":{"start":{"line":117,"column":4},"end":{"line":117,"column":71}},"type":"if","locations":[{"start":{"line":117,"column":4},"end":{"line":117,"column":71}},{"start":{},"end":{}}],"line":117},"20":{"loc":{"start":{"line":120,"column":2},"end":{"line":125,"column":3}},"type":"if","locations":[{"start":{"line":120,"column":2},"end":{"line":125,"column":3}},{"start":{},"end":{}}],"line":120}},"s":{"0":0,"1":0,"2":0,"3":0,"4":0,"5":0,"6":0,"7":0,"8":0,"9":0,"10":0,"11":0,"12":0,"13":0,"14":0,"15":0,"16":0,"17":0,"18":0,"19":0,"20":0,"21":0,"22":0,"23":0,"24":0,"25":0,"26":0,"27":0,"28":0,"29":0,"30":0,"31":0,"32":0,"33":0,"34":0,"35":0,"36":0,"37":0,"38":0,"39":0,"40":0,"41":0,"42":0,"43":0,"44":0,"45":0,"46":0,"47":0,"48":0,"49":0,"50":0,"51":0,"52":0,"53":0,"54":0},"f":{"0":0,"1":0,"2":0,"3":0,"4":0,"5":0},"b":{"0":[0,0],"1":[0,0],"2":[0,0],"3":[0,0],"4":[0,0],"5":[0,0],"6":[0,0],"7":[0,0],"8":[0,0,0],"9":[0,0],"10":[0,0],"11":[0,0],"12":[0,0],"13":[0,0],"14":[0,0],"15":[0,0],"16":[0,0],"17":[0,0],"18":[0,0],"19":[0,0],"20":[0,0]}}
}
