TN:
SF:src\app.js
FN:23,(anonymous_0)
FN:24,(anonymous_1)
FN:26,(anonymous_2)
FNF:3
FNH:1
FNDA:1,(anonymous_0)
FNDA:0,(anonymous_1)
FNDA:0,(anonymous_2)
DA:1,1
DA:2,1
DA:3,1
DA:4,1
DA:6,1
DA:7,1
DA:8,1
DA:10,1
DA:12,1
DA:17,1
DA:18,1
DA:20,1
DA:22,1
DA:23,1
DA:24,0
DA:26,1
DA:27,0
DA:30,1
DA:32,1
DA:34,1
LF:20
LH:18
BRDA:20,0,0,1
BRDA:20,0,1,0
BRF:2
BRH:1
end_of_record
TN:
SF:src\server.js
FN:6,(anonymous_0)
FNF:1
FNH:0
FNDA:0,(anonymous_0)
DA:1,0
DA:2,0
DA:4,0
DA:6,0
DA:7,0
DA:10,0
LF:6
LH:0
BRDA:4,0,0,0
BRDA:4,0,1,0
BRF:2
BRH:0
end_of_record
TN:
SF:src\controllers\bugController.js
FN:3,(anonymous_0)
FN:26,(anonymous_1)
FN:52,(anonymous_2)
FN:78,(anonymous_3)
FN:107,(anonymous_4)
FN:133,(anonymous_5)
FNF:6
FNH:5
FNDA:6,(anonymous_0)
FNDA:5,(anonymous_1)
FNDA:7,(anonymous_2)
FNDA:4,(anonymous_3)
FNDA:4,(anonymous_4)
FNDA:0,(anonymous_5)
DA:1,2
DA:3,2
DA:4,6
DA:5,6
DA:6,6
DA:8,6
DA:9,6
DA:11,6
DA:13,6
DA:14,1
DA:15,5
DA:16,0
DA:19,6
DA:20,6
DA:22,0
DA:26,2
DA:27,5
DA:28,5
DA:30,5
DA:31,3
DA:37,2
DA:39,2
DA:40,1
DA:46,1
DA:48,0
DA:52,2
DA:53,7
DA:54,7
DA:56,7
DA:57,1
DA:63,6
DA:71,6
DA:72,6
DA:74,0
DA:78,2
DA:79,4
DA:80,4
DA:82,4
DA:83,3
DA:89,1
DA:94,1
DA:95,0
DA:101,1
DA:103,0
DA:107,2
DA:108,4
DA:109,4
DA:111,4
DA:112,3
DA:118,1
DA:120,1
DA:121,0
DA:127,1
DA:129,0
DA:133,2
DA:134,0
DA:135,0
DA:144,0
DA:146,0
LF:59
LH:47
BRDA:8,0,0,2
BRDA:8,0,1,4
BRDA:9,1,0,0
BRDA:9,1,1,6
BRDA:13,2,0,1
BRDA:13,2,1,5
BRDA:15,3,0,0
BRDA:15,3,1,5
BRDA:30,4,0,3
BRDA:30,4,1,2
BRDA:39,5,0,1
BRDA:39,5,1,1
BRDA:56,6,0,1
BRDA:56,6,1,6
BRDA:68,7,0,6
BRDA:68,7,1,5
BRDA:82,8,0,3
BRDA:82,8,1,1
BRDA:94,9,0,0
BRDA:94,9,1,1
BRDA:111,10,0,3
BRDA:111,10,1,1
BRDA:120,11,0,0
BRDA:120,11,1,1
BRF:24
BRH:20
end_of_record
TN:
SF:src\middleware\errorHandler.js
FN:1,(anonymous_0)
FNF:1
FNH:0
FNDA:0,(anonymous_0)
DA:1,1
DA:2,0
DA:3,0
DA:5,0
DA:12,1
LF:5
LH:2
BRDA:2,0,0,0
BRDA:2,0,1,0
BRDA:2,0,2,0
BRDA:3,1,0,0
BRDA:3,1,1,0
BRDA:8,2,0,0
BRDA:8,2,1,0
BRF:7
BRH:0
end_of_record
TN:
SF:src\middleware\logger.js
FN:1,(anonymous_0)
FN:4,(anonymous_1)
FNF:2
FNH:2
FNDA:13,(anonymous_0)
FNDA:13,(anonymous_1)
DA:1,1
DA:2,13
DA:4,13
DA:5,13
DA:6,13
DA:9,13
DA:12,1
LF:7
LH:7
BRF:0
BRH:0
end_of_record
TN:
SF:src\models\Bug.js
FN:41,(anonymous_0)
FNF:1
FNH:1
FNDA:4,(anonymous_0)
DA:1,2
DA:3,2
DA:41,2
DA:42,4
DA:43,4
DA:46,2
LF:6
LH:6
BRF:0
BRH:0
end_of_record
TN:
SF:src\routes\bugRoutes.js
FNF:0
FNH:0
DA:1,1
DA:2,1
DA:3,1
DA:5,1
DA:6,1
DA:7,1
DA:8,1
DA:9,1
DA:10,1
DA:12,1
LF:10
LH:10
BRF:0
BRH:0
end_of_record
TN:
SF:src\utils\validators.js
FN:5,(anonymous_0)
FN:32,(anonymous_1)
FN:50,(anonymous_2)
FN:63,(anonymous_3)
FN:76,(anonymous_4)
FN:89,(anonymous_5)
FNF:6
FNH:0
FNDA:0,(anonymous_0)
FNDA:0,(anonymous_1)
FNDA:0,(anonymous_2)
FNDA:0,(anonymous_3)
FNDA:0,(anonymous_4)
FNDA:0,(anonymous_5)
DA:5,0
DA:6,0
DA:7,0
DA:13,0
DA:15,0
DA:16,0
DA:22,0
DA:23,0
DA:29,0
DA:32,0
DA:33,0
DA:34,0
DA:40,0
DA:41,0
DA:47,0
DA:50,0
DA:51,0
DA:53,0
DA:54,0
DA:60,0
DA:63,0
DA:64,0
DA:66,0
DA:67,0
DA:73,0
DA:76,0
DA:77,0
DA:79,0
DA:80,0
DA:86,0
DA:89,0
DA:90,0
DA:93,0
DA:94,0
DA:97,0
DA:98,0
DA:99,0
DA:103,0
DA:104,0
DA:105,0
DA:109,0
DA:110,0
DA:111,0
DA:115,0
DA:116,0
DA:117,0
DA:120,0
DA:121,0
DA:127,0
DA:130,0
LF:50
LH:0
BRDA:6,0,0,0
BRDA:6,0,1,0
BRDA:6,1,0,0
BRDA:6,1,1,0
BRDA:15,2,0,0
BRDA:15,2,1,0
BRDA:22,3,0,0
BRDA:22,3,1,0
BRDA:33,4,0,0
BRDA:33,4,1,0
BRDA:33,5,0,0
BRDA:33,5,1,0
BRDA:40,6,0,0
BRDA:40,6,1,0
BRDA:53,7,0,0
BRDA:53,7,1,0
BRDA:53,8,0,0
BRDA:53,8,1,0
BRDA:53,8,2,0
BRDA:66,9,0,0
BRDA:66,9,1,0
BRDA:79,10,0,0
BRDA:79,10,1,0
BRDA:94,11,0,0
BRDA:94,11,1,0
BRDA:97,12,0,0
BRDA:97,12,1,0
BRDA:99,13,0,0
BRDA:99,13,1,0
BRDA:103,14,0,0
BRDA:103,14,1,0
BRDA:105,15,0,0
BRDA:105,15,1,0
BRDA:109,16,0,0
BRDA:109,16,1,0
BRDA:111,17,0,0
BRDA:111,17,1,0
BRDA:115,18,0,0
BRDA:115,18,1,0
BRDA:117,19,0,0
BRDA:117,19,1,0
BRDA:120,20,0,0
BRDA:120,20,1,0
BRF:43
BRH:0
end_of_record
