{"C:\\Users\\user\\Desktop\\MongoDB Assignments\\mern-bug-tracker\\client\\src\\services\\bugService.js": {"path":"C:\\Users\\user\\Desktop\\MongoDB Assignments\\mern-bug-tracker\\client\\src\\services\\bugService.js","statementMap":{"0":{"start":{"line":1,"column":21},"end":{"line":1,"column":81}},"1":{"start":{"line":3,"column":19},"end":{"line":75,"column":1}},"2":{"start":{"line":5,"column":4},"end":{"line":23,"column":5}},"3":{"start":{"line":6,"column":26},"end":{"line":6,"column":47}},"4":{"start":{"line":7,"column":6},"end":{"line":7,"column":71}},"5":{"start":{"line":7,"column":26},"end":{"line":7,"column":71}},"6":{"start":{"line":8,"column":6},"end":{"line":8,"column":77}},"7":{"start":{"line":8,"column":28},"end":{"line":8,"column":77}},"8":{"start":{"line":9,"column":6},"end":{"line":9,"column":71}},"9":{"start":{"line":9,"column":26},"end":{"line":9,"column":71}},"10":{"start":{"line":11,"column":18},"end":{"line":13,"column":32}},"11":{"start":{"line":15,"column":6},"end":{"line":15,"column":41}},"12":{"start":{"line":17,"column":23},"end":{"line":17,"column":39}},"13":{"start":{"line":18,"column":6},"end":{"line":18,"column":82}},"14":{"start":{"line":18,"column":24},"end":{"line":18,"column":82}},"15":{"start":{"line":19,"column":6},"end":{"line":19,"column":35}},"16":{"start":{"line":21,"column":6},"end":{"line":21,"column":43}},"17":{"start":{"line":22,"column":6},"end":{"line":22,"column":64}},"18":{"start":{"line":27,"column":4},"end":{"line":33,"column":5}},"19":{"start":{"line":28,"column":23},"end":{"line":28,"column":64}},"20":{"start":{"line":29,"column":6},"end":{"line":29,"column":82}},"21":{"start":{"line":29,"column":24},"end":{"line":29,"column":82}},"22":{"start":{"line":30,"column":6},"end":{"line":30,"column":35}},"23":{"start":{"line":32,"column":6},"end":{"line":32,"column":63}},"24":{"start":{"line":37,"column":4},"end":{"line":47,"column":5}},"25":{"start":{"line":38,"column":23},"end":{"line":42,"column":8}},"26":{"start":{"line":43,"column":6},"end":{"line":43,"column":82}},"27":{"start":{"line":43,"column":24},"end":{"line":43,"column":82}},"28":{"start":{"line":44,"column":6},"end":{"line":44,"column":35}},"29":{"start":{"line":46,"column":6},"end":{"line":46,"column":64}},"30":{"start":{"line":51,"column":4},"end":{"line":61,"column":5}},"31":{"start":{"line":52,"column":23},"end":{"line":56,"column":8}},"32":{"start":{"line":57,"column":6},"end":{"line":57,"column":82}},"33":{"start":{"line":57,"column":24},"end":{"line":57,"column":82}},"34":{"start":{"line":58,"column":6},"end":{"line":58,"column":35}},"35":{"start":{"line":60,"column":6},"end":{"line":60,"column":64}},"36":{"start":{"line":65,"column":4},"end":{"line":73,"column":5}},"37":{"start":{"line":66,"column":23},"end":{"line":68,"column":8}},"38":{"start":{"line":69,"column":6},"end":{"line":69,"column":82}},"39":{"start":{"line":69,"column":24},"end":{"line":69,"column":82}},"40":{"start":{"line":70,"column":6},"end":{"line":70,"column":35}},"41":{"start":{"line":72,"column":6},"end":{"line":72,"column":64}}},"fnMap":{"0":{"name":"(anonymous_0)","decl":{"start":{"line":4,"column":14},"end":{"line":4,"column":15}},"loc":{"start":{"line":4,"column":38},"end":{"line":24,"column":3}},"line":4},"1":{"name":"(anonymous_1)","decl":{"start":{"line":26,"column":14},"end":{"line":26,"column":15}},"loc":{"start":{"line":26,"column":28},"end":{"line":34,"column":3}},"line":26},"2":{"name":"(anonymous_2)","decl":{"start":{"line":36,"column":13},"end":{"line":36,"column":14}},"loc":{"start":{"line":36,"column":32},"end":{"line":48,"column":3}},"line":36},"3":{"name":"(anonymous_3)","decl":{"start":{"line":50,"column":13},"end":{"line":50,"column":14}},"loc":{"start":{"line":50,"column":36},"end":{"line":62,"column":3}},"line":50},"4":{"name":"(anonymous_4)","decl":{"start":{"line":64,"column":13},"end":{"line":64,"column":14}},"loc":{"start":{"line":64,"column":27},"end":{"line":74,"column":3}},"line":64}},"branchMap":{"0":{"loc":{"start":{"line":1,"column":21},"end":{"line":1,"column":81}},"type":"binary-expr","locations":[{"start":{"line":1,"column":21},"end":{"line":1,"column":50}},{"start":{"line":1,"column":54},"end":{"line":1,"column":81}}],"line":1},"1":{"loc":{"start":{"line":4,"column":21},"end":{"line":4,"column":33}},"type":"default-arg","locations":[{"start":{"line":4,"column":31},"end":{"line":4,"column":33}}],"line":4},"2":{"loc":{"start":{"line":7,"column":6},"end":{"line":7,"column":71}},"type":"if","locations":[{"start":{"line":7,"column":6},"end":{"line":7,"column":71}},{"start":{},"end":{}}],"line":7},"3":{"loc":{"start":{"line":8,"column":6},"end":{"line":8,"column":77}},"type":"if","locations":[{"start":{"line":8,"column":6},"end":{"line":8,"column":77}},{"start":{},"end":{}}],"line":8},"4":{"loc":{"start":{"line":9,"column":6},"end":{"line":9,"column":71}},"type":"if","locations":[{"start":{"line":9,"column":6},"end":{"line":9,"column":71}},{"start":{},"end":{}}],"line":9},"5":{"loc":{"start":{"line":11,"column":18},"end":{"line":13,"column":32}},"type":"cond-expr","locations":[{"start":{"line":12,"column":10},"end":{"line":12,"column":58}},{"start":{"line":13,"column":10},"end":{"line":13,"column":32}}],"line":11},"6":{"loc":{"start":{"line":18,"column":6},"end":{"line":18,"column":82}},"type":"if","locations":[{"start":{"line":18,"column":6},"end":{"line":18,"column":82}},{"start":{},"end":{}}],"line":18},"7":{"loc":{"start":{"line":29,"column":6},"end":{"line":29,"column":82}},"type":"if","locations":[{"start":{"line":29,"column":6},"end":{"line":29,"column":82}},{"start":{},"end":{}}],"line":29},"8":{"loc":{"start":{"line":43,"column":6},"end":{"line":43,"column":82}},"type":"if","locations":[{"start":{"line":43,"column":6},"end":{"line":43,"column":82}},{"start":{},"end":{}}],"line":43},"9":{"loc":{"start":{"line":57,"column":6},"end":{"line":57,"column":82}},"type":"if","locations":[{"start":{"line":57,"column":6},"end":{"line":57,"column":82}},{"start":{},"end":{}}],"line":57},"10":{"loc":{"start":{"line":69,"column":6},"end":{"line":69,"column":82}},"type":"if","locations":[{"start":{"line":69,"column":6},"end":{"line":69,"column":82}},{"start":{},"end":{}}],"line":69}},"s":{"0":0,"1":0,"2":0,"3":0,"4":0,"5":0,"6":0,"7":0,"8":0,"9":0,"10":0,"11":0,"12":0,"13":0,"14":0,"15":0,"16":0,"17":0,"18":0,"19":0,"20":0,"21":0,"22":0,"23":0,"24":0,"25":0,"26":0,"27":0,"28":0,"29":0,"30":0,"31":0,"32":0,"33":0,"34":0,"35":0,"36":0,"37":0,"38":0,"39":0,"40":0,"41":0},"f":{"0":0,"1":0,"2":0,"3":0,"4":0},"b":{"0":[0,0],"1":[0],"2":[0,0],"3":[0,0],"4":[0,0],"5":[0,0],"6":[0,0],"7":[0,0],"8":[0,0],"9":[0,0],"10":[0,0]}}
}
